<?xml version="1.0" encoding="UTF-8"?>
<testsuite xmlns:xsi="http://www.w3.org/2001/XMLSchema-instance" xsi:noNamespaceSchemaLocation="https://maven.apache.org/surefire/maven-surefire-plugin/xsd/surefire-test-report.xsd" name="ait.course.example.ApplicationTest" time="0.058" tests="5" errors="0" skipped="1" failures="0">
  <properties>
[...]
</properties>
  <testcase name="testWordCountSingle" classname="ait.course.example.ApplicationTest" time="0.011"/>
  <testcase name="testWordCountString" classname="ait.course.example.ApplicationTest" time="0"/>
  <testcase name="testWordCountEmpty" classname="ait.course.example.ApplicationTest" time="0.005"/>
  <testcase name="testWordCountMore" classname="ait.course.example.ApplicationTest" time="0">
    <skipped/>
  </testcase>
  <testcase name="testWordCountNull" classname="ait.course.example.ApplicationTest" time="0"/>
</testsuite>